INFO:root:initializing pygame
INFO:root:pygame initialized
INFO:root:loading assets
INFO:root:initializing pygame
INFO:root:pygame initialized
INFO:root:loading assets
INFO:root:assets loaded
INFO:root:starting game
INFO:root:initializing pygame
INFO:root:pygame initialized
INFO:root:loading assets
INFO:root:initializing pygame
INFO:root:pygame initialized
INFO:root:loading assets
INFO:root:<built-in method __dir__ of pygame.surface.Surface object at 0x1049fd430>
INFO:root:<built-in method __dir__ of pygame.surface.Surface object at 0x1049fd670>
INFO:root:<built-in method __dir__ of pygame.surface.Surface object at 0x104888fb0>
INFO:root:initializing pygame
INFO:root:pygame initialized
INFO:root:loading assets
INFO:root:<built-in method __dir__ of pygame.surface.Surface object at 0x104595430>
INFO:root:<built-in method __dir__ of pygame.surface.Surface object at 0x104595670>
INFO:root:<built-in method __dir__ of pygame.surface.Surface object at 0x104420fb0>
INFO:root:initializing pygame
INFO:root:pygame initialized
INFO:root:loading assets
INFO:root:<built-in method __dir__ of pygame.surface.Surface object at 0x103479330>
INFO:root:<built-in method __dir__ of pygame.surface.Surface object at 0x1034792f0>
INFO:root:<built-in method __dir__ of pygame.surface.Surface object at 0x103479270>
INFO:root:assets loaded
INFO:root:starting game
INFO:root:initializing pygame
INFO:root:pygame initialized
INFO:root:loading assets
INFO:root:<built-in method __dir__ of pygame.surface.Surface object at 0x100a75430>
INFO:root:<built-in method __dir__ of pygame.surface.Surface object at 0x100a75670>
INFO:root:<built-in method __dir__ of pygame.surface.Surface object at 0x1031cc7f0>
INFO:root:assets loaded
INFO:root:starting game
INFO:root:game shut down gracefully
INFO:root:initializing pygame
INFO:root:pygame initialized
INFO:root:loading assets
INFO:root:<built-in method __dir__ of pygame.surface.Surface object at 0x102881430>
INFO:root:<built-in method __dir__ of pygame.surface.Surface object at 0x102881670>
INFO:root:<built-in method __dir__ of pygame.surface.Surface object at 0x104fd87f0>
INFO:root:assets loaded
INFO:root:starting game
INFO:root:game shut down gracefully
INFO:root:initializing pygame
INFO:root:pygame initialized
INFO:root:loading assets
INFO:root:<built-in method __dir__ of pygame.surface.Surface object at 0x102d21430>
INFO:root:<built-in method __dir__ of pygame.surface.Surface object at 0x102d21670>
INFO:root:<built-in method __dir__ of pygame.surface.Surface object at 0x1054787f0>
INFO:root:assets loaded
INFO:root:starting game
INFO:root:game shut down gracefully
INFO:root:initializing pygame
INFO:root:pygame initialized
INFO:root:loading assets
INFO:root:<built-in method __dir__ of pygame.surface.Surface object at 0x10040d430>
INFO:root:<built-in method __dir__ of pygame.surface.Surface object at 0x10040d670>
INFO:root:<built-in method __dir__ of pygame.surface.Surface object at 0x102b647f0>
INFO:root:assets loaded
INFO:root:starting game
INFO:root:game shut down gracefully
